This is TeX, Version 3.14159 (C version 6.1) (format=latex 98.1.6)  20 SEP 1999 16:24
**llncs.sty
(llncs.sty
LaTeX2e <1996/12/01> patch level 1
Babel <v3.6h> and hyphenation patterns for american, german, loaded.
Document Style `llncs', <version 1.2>

! LaTeX Error: Missing \begin{document}.

See the LaTeX manual or LaTeX Companion for explanation.
Type  H <return>  for immediate help.
 ...                                              
                                                  
l.20 \newif\if@
               deutsch\@deutschfalse
? 
! Emergency stop.
 ...                                              
                                                  
l.20 \newif\if@
               deutsch\@deutschfalse
You're in trouble here.  Try typing  <return>  to proceed.
If that doesn't work, type  X <return>  to quit.

 
Here is how much of TeX's memory you used:
 14 strings out of 10906
 259 string characters out of 72314
 43261 words of memory out of 262141
 2988 multiletter control sequences out of 9500
 3640 words of font info for 14 fonts, out of 150000 for 255
 14 hyphenation exceptions out of 607
 5i,0n,5p,59b,14s stack positions out of 300i,40n,60p,3000b,4000s
No pages of output.
