\BOOKMARK [0][]{chapter*.1}{Preface}{}% 1
\BOOKMARK [0][]{chapter*.2}{Acknowledgments}{}% 2
\BOOKMARK [0][]{chapter.1}{Introduction}{}% 3
\BOOKMARK [1][-]{section.1.1}{Symbol\040Grounding\040Problem}{chapter.1}% 4
\BOOKMARK [2][-]{subsection.1.1.1}{Language\040of\040Thought}{section.1.1}% 5
\BOOKMARK [2][-]{subsection.1.1.2}{Understanding\040Chinese}{section.1.1}% 6
\BOOKMARK [2][-]{subsection.1.1.3}{Symbol\040Grounding:\040Philosophical\040or\040Technical?}{section.1.1}% 7
\BOOKMARK [2][-]{subsection.1.1.4}{Grounding\040Symbols\040in\040Language}{section.1.1}% 8
\BOOKMARK [2][-]{subsection.1.1.5}{Physical\040Grounding\040Hypothesis}{section.1.1}% 9
\BOOKMARK [2][-]{subsection.1.1.6}{Physical\040Symbol\040Grounding}{section.1.1}% 10
\BOOKMARK [1][-]{section.1.2}{Language\040Origins}{chapter.1}% 11
\BOOKMARK [2][-]{subsection.1.2.1}{Computational\040Approaches\040to\040Language\040Evolution}{section.1.2}% 12
\BOOKMARK [2][-]{subsection.1.2.2}{Steels'\040Approach}{section.1.2}% 13
\BOOKMARK [1][-]{section.1.3}{Language\040Acquisition}{chapter.1}% 14
\BOOKMARK [1][-]{section.1.4}{Setting\040Up\040The\040Goals}{chapter.1}% 15
\BOOKMARK [1][-]{section.1.5}{Contributions}{chapter.1}% 16
\BOOKMARK [1][-]{section.1.6}{The\040Book's\040Outline}{chapter.1}% 17
\BOOKMARK [0][]{chapter.2}{The\040Sensorimotor\040Component}{}% 18
\BOOKMARK [1][-]{section.2.1}{The\040Environment}{chapter.2}% 19
\BOOKMARK [1][-]{section.2.2}{The\040Robots}{chapter.2}% 20
\BOOKMARK [2][-]{subsection.2.2.1}{The\040Sensors\040and\040Actuators}{section.2.2}% 21
\BOOKMARK [2][-]{subsection.2.2.2}{Sensor-Motor\040Board\040II}{section.2.2}% 22
\BOOKMARK [1][-]{section.2.3}{The\040Process\040Description\040Language}{chapter.2}% 23
\BOOKMARK [1][-]{section.2.4}{Cognitive\040Architecture\040in\040PDL}{chapter.2}% 24
\BOOKMARK [1][-]{section.2.5}{Summary}{chapter.2}% 25
\BOOKMARK [0][]{chapter.3}{Language\040Games}{}% 26
\BOOKMARK [1][-]{section.3.1}{Introduction}{chapter.3}% 27
\BOOKMARK [1][-]{section.3.2}{The\040Language\040Game\040Scenario}{chapter.3}% 28
\BOOKMARK [1][-]{section.3.3}{PDL\040Implementation}{chapter.3}% 29
\BOOKMARK [1][-]{section.3.4}{Grounded\040Language\040Games}{chapter.3}% 30
\BOOKMARK [2][-]{subsection.3.4.1}{Sensing,\040Segmentation\040and\040Feature\040Extraction}{section.3.4}% 31
\BOOKMARK [3][-]{subsubsection.3.4.1.1}{Sensing}{subsection.3.4.1}% 32
\BOOKMARK [3][-]{subsubsection.3.4.1.2}{Segmentation}{subsection.3.4.1}% 33
\BOOKMARK [3][-]{subsubsection.3.4.1.3}{Feature\040Extraction}{subsection.3.4.1}% 34
\BOOKMARK [2][-]{subsection.3.4.2}{Discrimination\040Games}{section.3.4}% 35
\BOOKMARK [3][-]{subsubsection.3.4.2.1}{The\040Prototype\040Method}{subsection.3.4.2}% 36
\BOOKMARK [3][-]{subsubsection.3.4.2.2}{An\040example}{subsection.3.4.2}% 37
\BOOKMARK [3][-]{subsubsection.3.4.2.3}{Binary\040Subspace\040Method}{subsection.3.4.2}% 38
\BOOKMARK [3][-]{subsubsection.3.4.2.4}{Summary}{subsection.3.4.2}% 39
\BOOKMARK [2][-]{subsection.3.4.3}{Lexicon\040Formation}{section.3.4}% 40
\BOOKMARK [3][-]{subsubsection.3.4.3.1}{Different\040Language\040Games}{subsection.3.4.3}% 41
\BOOKMARK [3][-]{subsubsection.3.4.3.2}{The\040Lexicon}{subsection.3.4.3}% 42
\BOOKMARK [3][-]{subsubsection.3.4.3.3}{Joint\040Attention}{subsection.3.4.3}% 43
\BOOKMARK [3][-]{subsubsection.3.4.3.4}{The\040Speaker's\040Production}{subsection.3.4.3}% 44
\BOOKMARK [3][-]{subsubsection.3.4.3.5}{The\040Hearer's\040Understanding}{subsection.3.4.3}% 45
\BOOKMARK [3][-]{subsubsection.3.4.3.6}{Feedback}{subsection.3.4.3}% 46
\BOOKMARK [3][-]{subsubsection.3.4.3.7}{Adaptation}{subsection.3.4.3}% 47
\BOOKMARK [1][-]{section.3.5}{Coupling\040Categorisation\040and\040Naming}{chapter.3}% 48
\BOOKMARK [0][]{chapter.4}{Experimental\040Results}{}% 49
\BOOKMARK [1][-]{section.4.1}{Measures\040and\040Methodology}{chapter.4}% 50
\BOOKMARK [2][-]{subsection.4.1.1}{Measures}{section.4.1}% 51
\BOOKMARK [2][-]{subsection.4.1.2}{Statistical\040Testing}{section.4.1}% 52
\BOOKMARK [2][-]{subsection.4.1.3}{On-board\040Versus\040Off-board}{section.4.1}% 53
\BOOKMARK [1][-]{section.4.2}{Sensory\040Data}{chapter.4}% 54
\BOOKMARK [1][-]{section.4.3}{The\040Basic\040Experiment}{chapter.4}% 55
\BOOKMARK [2][-]{subsection.4.3.1}{The\040Global\040Evolution}{section.4.3}% 56
\BOOKMARK [2][-]{subsection.4.3.2}{The\040Ontological\040Development}{section.4.3}% 57
\BOOKMARK [2][-]{subsection.4.3.3}{Competition\040Diagrams}{section.4.3}% 58
\BOOKMARK [2][-]{subsection.4.3.4}{The\040lexicon}{section.4.3}% 59
\BOOKMARK [3][-]{subsubsection.4.3.4.1}{Semiotic\040Landscape}{subsection.4.3.4}% 60
\BOOKMARK [3][-]{subsubsection.4.3.4.2}{Lexical\040and\040Ontological\040Growth}{subsection.4.3.4}% 61
\BOOKMARK [2][-]{subsection.4.3.5}{More\040Language\040Games}{section.4.3}% 62
\BOOKMARK [1][-]{section.4.4}{Summary}{chapter.4}% 63
\BOOKMARK [0][]{chapter.5}{Varying\040Methods\040and\040Parameters}{}% 64
\BOOKMARK [1][-]{section.5.1}{Impact\040From\040Categorisation}{chapter.5}% 65
\BOOKMARK [2][-]{subsection.5.1.1}{The\040Experiments}{section.5.1}% 66
\BOOKMARK [2][-]{subsection.5.1.2}{The\040Results}{section.5.1}% 67
\BOOKMARK [2][-]{subsection.5.1.3}{Discussion}{section.5.1}% 68
\BOOKMARK [1][-]{section.5.2}{Impact\040From\040Physical\040Conditions\040and\040Interactions}{chapter.5}% 69
\BOOKMARK [2][-]{subsection.5.2.1}{The\040Experiments}{section.5.2}% 70
\BOOKMARK [2][-]{subsection.5.2.2}{The\040Results}{section.5.2}% 71
\BOOKMARK [2][-]{subsection.5.2.3}{Discussion}{section.5.2}% 72
\BOOKMARK [1][-]{section.5.3}{Different\040Language\040Games}{chapter.5}% 73
\BOOKMARK [2][-]{subsection.5.3.1}{The\040Experiments}{section.5.3}% 74
\BOOKMARK [2][-]{subsection.5.3.2}{The\040Results}{section.5.3}% 75
\BOOKMARK [2][-]{subsection.5.3.3}{Discussion}{section.5.3}% 76
\BOOKMARK [1][-]{section.5.4}{The\040Observational\040Game}{chapter.5}% 77
\BOOKMARK [2][-]{subsection.5.4.1}{The\040Experiments}{section.5.4}% 78
\BOOKMARK [2][-]{subsection.5.4.2}{The\040Results}{section.5.4}% 79
\BOOKMARK [2][-]{subsection.5.4.3}{Discussion}{section.5.4}% 80
\BOOKMARK [1][-]{section.5.5}{Word-form\040Creation}{chapter.5}% 81
\BOOKMARK [2][-]{subsection.5.5.1}{The\040Experiments}{section.5.5}% 82
\BOOKMARK [2][-]{subsection.5.5.2}{The\040Results}{section.5.5}% 83
\BOOKMARK [2][-]{subsection.5.5.3}{Discussion}{section.5.5}% 84
\BOOKMARK [1][-]{section.5.6}{Varying\040the\040learning\040rate}{chapter.5}% 85
\BOOKMARK [2][-]{subsection.5.6.1}{The\040Experiments}{section.5.6}% 86
\BOOKMARK [2][-]{subsection.5.6.2}{The\040Results}{section.5.6}% 87
\BOOKMARK [2][-]{subsection.5.6.3}{Discussion}{section.5.6}% 88
\BOOKMARK [1][-]{section.5.7}{Word-form\040Adoption}{chapter.5}% 89
\BOOKMARK [2][-]{subsection.5.7.1}{The\040Experiments}{section.5.7}% 90
\BOOKMARK [2][-]{subsection.5.7.2}{The\040Results}{section.5.7}% 91
\BOOKMARK [2][-]{subsection.5.7.3}{Discussion}{section.5.7}% 92
\BOOKMARK [1][-]{section.5.8}{Summary}{chapter.5}% 93
\BOOKMARK [0][]{chapter.6}{The\040Optimal\040Games}{}% 94
\BOOKMARK [1][-]{section.6.1}{The\040Guessing\040Game}{chapter.6}% 95
\BOOKMARK [2][-]{subsection.6.1.1}{The\040Experiments}{section.6.1}% 96
\BOOKMARK [2][-]{subsection.6.1.2}{The\040Results}{section.6.1}% 97
\BOOKMARK [2][-]{subsection.6.1.3}{Discussion}{section.6.1}% 98
\BOOKMARK [3][-]{subsubsection.6.1.3.1}{One-to-many\040Relations\040Between\040Form\040and\040Meaning}{subsection.6.1.3}% 99
\BOOKMARK [3][-]{subsubsection.6.1.3.2}{Polysemy\040and\040Lexical\040Dynamics}{subsection.6.1.3}% 100
\BOOKMARK [1][-]{section.6.2}{The\040Observational\040Game}{chapter.6}% 101
\BOOKMARK [2][-]{subsection.6.2.1}{The\040Experiment}{section.6.2}% 102
\BOOKMARK [2][-]{subsection.6.2.2}{The\040Results}{section.6.2}% 103
\BOOKMARK [2][-]{subsection.6.2.3}{Discussion}{section.6.2}% 104
\BOOKMARK [1][-]{section.6.3}{Summary}{chapter.6}% 105
\BOOKMARK [0][]{chapter.7}{Discussion}{}% 106
\BOOKMARK [1][-]{section.7.1}{The\040Symbol\040Grounding\040Problem\040Solved?}{chapter.7}% 107
\BOOKMARK [2][-]{subsection.7.1.1}{Iconisation}{section.7.1}% 108
\BOOKMARK [2][-]{subsection.7.1.2}{Discrimination}{section.7.1}% 109
\BOOKMARK [2][-]{subsection.7.1.3}{Identification}{section.7.1}% 110
\BOOKMARK [2][-]{subsection.7.1.4}{Conclusions}{section.7.1}% 111
\BOOKMARK [1][-]{section.7.2}{No\040Negative\040Feedback\040Evidence?}{chapter.7}% 112
\BOOKMARK [1][-]{section.7.3}{Situated\040Embodiment}{chapter.7}% 113
\BOOKMARK [1][-]{section.7.4}{A\040Behaviour-Based\040Cognitive\040Architecture}{chapter.7}% 114
\BOOKMARK [1][-]{section.7.5}{The\040Talking\040Heads}{chapter.7}% 115
\BOOKMARK [2][-]{subsection.7.5.1}{The\040Differences}{section.7.5}% 116
\BOOKMARK [2][-]{subsection.7.5.2}{The\040Discussion}{section.7.5}% 117
\BOOKMARK [2][-]{subsection.7.5.3}{Summary}{section.7.5}% 118
\BOOKMARK [1][-]{section.7.6}{Future\040Directions}{chapter.7}% 119
\BOOKMARK [1][-]{section.7.7}{Conclusions}{chapter.7}% 120
\BOOKMARK [0][]{appendix.A}{Glossary}{}% 121
\BOOKMARK [0][]{appendix.B}{PDL\040Code}{}% 122
\BOOKMARK [0][]{appendix.C}{Sensory\040Data\040Distribution}{}% 123
\BOOKMARK [0][]{appendix.D}{Lexicon\040and\040Ontology}{}% 124
\BOOKMARK [0][]{appendix*.5}{Bibliography}{}% 125
